<?xml version="1.0" encoding="UTF-8"?>
<testng-results ignored="0" total="2" passed="2" failed="0" skipped="0">
  <reporter-output>
  </reporter-output>
  <suite started-at="2023-07-04T20:34:56 IST" name="Default suite" finished-at="2023-07-04T20:35:34 IST" duration-ms="37643">
    <groups>
    </groups>
    <test started-at="2023-07-04T20:34:56 IST" name="Default test" finished-at="2023-07-04T20:35:34 IST" duration-ms="37643">
      <class name="SSC_new_script_handling.Test_script_for_SSC">
        <test-method is-config="true" signature="openApp()[pri:0, instance:SSC_new_script_handling.Test_script_for_SSC@e15b7e8]" started-at="2023-07-04T20:34:56 IST" name="openApp" finished-at="2023-07-04T20:35:08 IST" duration-ms="12099" status="PASS">
          <reporter-output>
          </reporter-output>
        </test-method> <!-- openApp -->
        <test-method signature="dd_handling()[pri:1, instance:SSC_new_script_handling.Test_script_for_SSC@e15b7e8]" started-at="2023-07-04T20:35:08 IST" name="dd_handling" finished-at="2023-07-04T20:35:33 IST" duration-ms="24871" status="PASS">
          <reporter-output>
          </reporter-output>
        </test-method> <!-- dd_handling -->
        <test-method signature="all_manad()[pri:2, instance:SSC_new_script_handling.Test_script_for_SSC@e15b7e8]" started-at="2023-07-04T20:35:33 IST" name="all_manad" finished-at="2023-07-04T20:35:33 IST" duration-ms="306" status="PASS">
          <reporter-output>
          </reporter-output>
        </test-method> <!-- all_manad -->
        <test-method is-config="true" signature="closeApp()[pri:0, instance:SSC_new_script_handling.Test_script_for_SSC@e15b7e8]" started-at="2023-07-04T20:35:33 IST" name="closeApp" finished-at="2023-07-04T20:35:34 IST" duration-ms="323" status="PASS">
          <reporter-output>
          </reporter-output>
        </test-method> <!-- closeApp -->
      </class> <!-- SSC_new_script_handling.Test_script_for_SSC -->
    </test> <!-- Default test -->
  </suite> <!-- Default suite -->
</testng-results>
